This is pdfTeX, Version 3.14159265-2.6-1.40.21 (MiKTeX 21.1) (preloaded format=pdflatex 2021.3.10)  13 JUN 2021 19:46
entering extended mode
**"./Bayesian Computing Report.tex"
("Bayesian Computing Report.tex"
LaTeX2e <2020-10-01> patch level 4
L3 programming layer <2021-01-09> xparse <2020-03-03> (usiinftr.cls
Document Class: usiinftr 2010/04/01 v. 1.0.0 USI Informatics Technical Report c
lass
(C:\Users\erickfs\AppData\Local\Programs\MiKTeX\tex/latex/base\article.cls
Document Class: article 2020/04/10 v1.4m Standard LaTeX document class
(C:\Users\erickfs\AppData\Local\Programs\MiKTeX\tex/latex/base\size10.clo
File: size10.clo 2020/04/10 v1.4m Standard LaTeX file (size option)
)
\c@part=\count177
\c@section=\count178
\c@subsection=\count179
\c@subsubsection=\count180
\c@paragraph=\count181
\c@subparagraph=\count182
\c@figure=\count183
\c@table=\count184
\abovecaptionskip=\skip47
\belowcaptionskip=\skip48
\bibindent=\dimen138
)
(C:\Users\erickfs\AppData\Local\Programs\MiKTeX\tex/latex/base\fontenc.sty
Package: fontenc 2020/08/10 v2.0s Standard LaTeX package
)
(C:\Users\erickfs\AppData\Local\Programs\MiKTeX\tex/latex/base\inputenc.sty
Package: inputenc 2020/08/01 v1.3d Input encoding file
\inpenc@prehook=\toks15
\inpenc@posthook=\toks16

(C:\Users\erickfs\AppData\Local\Programs\MiKTeX\tex/latex/base\latin1.def
File: latin1.def 2020/08/01 v1.3d Input encoding file
))
(C:\Users\erickfs\AppData\Local\Programs\MiKTeX\tex/latex/mathdesign\mathdesign
.sty
Package: mathdesign 2013/08/29 v2.31 Math Design Project

(C:\Users\erickfs\AppData\Local\Programs\MiKTeX\tex/latex/graphics\keyval.sty
Package: keyval 2014/10/28 v1.15 key=value parser (DPC)
\KV@toks@=\toks17
)
(C:\Users\erickfs\AppData\Local\Programs\MiKTeX\tex/latex/base\ifthen.sty
Package: ifthen 2014/09/29 v1.1c Standard LaTeX ifthen package (DPC)
)
(C:\Users\erickfs\AppData\Local\Programs\MiKTeX\tex/latex/mathdesign/mdput\mdpu
t.cfg)
(C:\Users\erickfs\AppData\Local\Programs\MiKTeX\tex/latex/mathdesign/mdput\mdpu
t.sty
Package: mdput 2013/08/29 v2.31 adobe utopia + mdput (Math Design Project)

(C:\Users\erickfs\AppData\Local\Programs\MiKTeX\tex/latex/mathdesign\mdfont.def
File: mdfont.def 2013/08/29 v2.31 (Math Design Project)
)
(C:\Users\erickfs\AppData\Local\Programs\MiKTeX\tex/latex/mathdesign\mdsffont.d
ef
File: mdsffont.def 2013/08/29 v2.31 (Math Design Project)


LaTeX Warning: Font shape declaration has incorrect series value `mc'.
               It should not contain an `m'! Please correct it.
               Found on input line 53.


LaTeX Warning: Font shape declaration has incorrect series value `mc'.
               It should not contain an `m'! Please correct it.
               Found on input line 56.


LaTeX Warning: Font shape declaration has incorrect series value `mc'.
               It should not contain an `m'! Please correct it.
               Found on input line 59.


LaTeX Warning: Font shape declaration has incorrect series value `mc'.
               It should not contain an `m'! Please correct it.
               Found on input line 79.


LaTeX Warning: Font shape declaration has incorrect series value `mc'.
               It should not contain an `m'! Please correct it.
               Found on input line 102.


LaTeX Warning: Font shape declaration has incorrect series value `mc'.
               It should not contain an `m'! Please correct it.
               Found on input line 105.


LaTeX Warning: Font shape declaration has incorrect series value `mc'.
               It should not contain an `m'! Please correct it.
               Found on input line 108.


LaTeX Warning: Font shape declaration has incorrect series value `mc'.
               It should not contain an `m'! Please correct it.
               Found on input line 128.


LaTeX Warning: Font shape declaration has incorrect series value `mc'.
               It should not contain an `m'! Please correct it.
               Found on input line 259.


LaTeX Warning: Font shape declaration has incorrect series value `mc'.
               It should not contain an `m'! Please correct it.
               Found on input line 262.


LaTeX Warning: Font shape declaration has incorrect series value `mc'.
               It should not contain an `m'! Please correct it.
               Found on input line 265.


LaTeX Warning: Font shape declaration has incorrect series value `mc'.
               It should not contain an `m'! Please correct it.
               Found on input line 268.


LaTeX Warning: Font shape declaration has incorrect series value `mc'.
               It should not contain an `m'! Please correct it.
               Found on input line 313.


LaTeX Warning: Font shape declaration has incorrect series value `mc'.
               It should not contain an `m'! Please correct it.
               Found on input line 316.


LaTeX Warning: Font shape declaration has incorrect series value `mc'.
               It should not contain an `m'! Please correct it.
               Found on input line 319.


LaTeX Warning: Font shape declaration has incorrect series value `mc'.
               It should not contain an `m'! Please correct it.
               Found on input line 322.

)
(C:\Users\erickfs\AppData\Local\Programs\MiKTeX\tex/latex/mathdesign\mdttfont.d
ef
File: mdttfont.def 2013/08/29 v2.31 (Math Design Project)
)
\symmdcal=\mathgroup4
LaTeX Font Info:    Overwriting symbol font `mdcal' in version `bold'
(Font)                  OMS/mdput/m/n --> OMS/mdput/b/n on input line 97.
\symmdscr=\mathgroup5
LaTeX Font Info:    Overwriting symbol font `mdscr' in version `bold'
(Font)                  OMS/mdput/m/n --> OMS/mdput/b/n on input line 103.
LaTeX Font Info:    Overwriting math alphabet `\mathfrak' in version `bold'
(Font)                  U/xmdeuf/m/n --> U/xmdeuf/b/n on input line 110.
LaTeX Font Info:    Overwriting symbol font `operators' in version `normal'
(Font)                  OT1/cmr/m/n --> OT1/mdput/m/n on input line 121.
LaTeX Font Info:    Overwriting symbol font `letters' in version `normal'
(Font)                  OML/cmm/m/it --> OML/mdput/m/it on input line 122.
LaTeX Font Info:    Overwriting symbol font `symbols' in version `normal'
(Font)                  OMS/cmsy/m/n --> OMS/mdput/m/n on input line 123.
LaTeX Font Info:    Overwriting symbol font `largesymbols' in version `normal'
(Font)                  OMX/cmex/m/n --> OMX/mdput/m/n on input line 124.
LaTeX Font Info:    Overwriting symbol font `operators' in version `bold'
(Font)                  OT1/cmr/bx/n --> OT1/mdput/b/n on input line 126.
LaTeX Font Info:    Overwriting symbol font `letters' in version `bold'
(Font)                  OML/cmm/b/it --> OML/mdput/b/it on input line 127.
LaTeX Font Info:    Overwriting symbol font `symbols' in version `bold'
(Font)                  OMS/cmsy/b/n --> OMS/mdput/b/n on input line 128.
LaTeX Font Info:    Overwriting symbol font `largesymbols' in version `bold'
(Font)                  OMX/cmex/m/n --> OMX/mdput/b/n on input line 129.
LaTeX Font Info:    Overwriting math alphabet `\mathrm' in version `normal'
(Font)                  OT1/mdput/m/n --> T1/mdput/m/n on input line 131.
LaTeX Font Info:    Overwriting math alphabet `\mathbf' in version `normal'
(Font)                  OT1/cmr/bx/n --> T1/mdput/b/n on input line 132.
LaTeX Font Info:    Overwriting math alphabet `\mathit' in version `normal'
(Font)                  OT1/cmr/m/it --> T1/mdput/m/it on input line 133.
LaTeX Font Info:    Overwriting math alphabet `\mathsf' in version `normal'
(Font)                  OT1/cmss/m/n --> T1/cmss/m/n on input line 134.
LaTeX Font Info:    Overwriting math alphabet `\mathtt' in version `normal'
(Font)                  OT1/cmtt/m/n --> T1/cmtt/m/n on input line 135.
LaTeX Font Info:    Overwriting math alphabet `\mathrm' in version `bold'
(Font)                  OT1/mdput/b/n --> T1/mdput/b/n on input line 137.
LaTeX Font Info:    Overwriting math alphabet `\mathbf' in version `bold'
(Font)                  OT1/cmr/bx/n --> T1/mdput/b/n on input line 138.
LaTeX Font Info:    Overwriting math alphabet `\mathit' in version `bold'
(Font)                  OT1/cmr/bx/it --> T1/mdput/b/it on input line 139.
LaTeX Font Info:    Overwriting math alphabet `\mathsf' in version `bold'
(Font)                  OT1/cmss/bx/n --> T1/cmss/b/n on input line 140.
LaTeX Font Info:    Overwriting math alphabet `\mathtt' in version `bold'
(Font)                  OT1/cmtt/m/n --> T1/cmtt/b/n on input line 141.
\symlettersupright=\mathgroup6
LaTeX Font Info:    Overwriting symbol font `lettersupright' in version `bold'
(Font)                  OML/mdput/m/n --> OML/mdput/b/n on input line 144.
LaTeX Font Info:    Redeclaring math alphabet \mathrm on input line 145.
LaTeX Font Info:    Overwriting math alphabet `\mathcal' in version `normal'
(Font)                  OMS/mdput/m/n --> OMS/mdput/m/n on input line 167.

(C:\Users\erickfs\AppData\Local\Programs\MiKTeX\tex/latex/xkeyval\xkeyval.sty
Package: xkeyval 2020/11/20 v2.8 package option processing (HA)

(C:\Users\erickfs\AppData\Local\Programs\MiKTeX\tex/generic/xkeyval\xkeyval.tex

(C:\Users\erickfs\AppData\Local\Programs\MiKTeX\tex/generic/xkeyval\xkvutils.te
x
\XKV@toks=\toks18
\XKV@tempa@toks=\toks19
)
\XKV@depth=\count185
File: xkeyval.tex 2014/12/03 v2.7a key=value parser (HA)
))
LaTeX Font Info:    Trying to load font information for T1+mdput on input line 
186.

(C:\Users\erickfs\AppData\Local\Programs\MiKTeX\tex/latex/mathdesign/mdput\t1md
put.fd
File: t1mdput.fd 2013/08/29 Fontinst v1.933 font definitions for T1/mdput.
)
LaTeX Font Info:    Font shape `T1/mdput/m/n' will be
(Font)              scaled to size 9.40002pt on input line 186.
LaTeX Font Info:    Redeclaring math accent \widetilde on input line 449.
LaTeX Font Info:    Redeclaring math accent \widehat on input line 450.
Now handling font encoding MDA ...
... no UTF-8 mapping file for font encoding MDA
\symmathdesignA=\mathgroup7
LaTeX Font Info:    Overwriting symbol font `mathdesignA' in version `bold'
(Font)                  MDA/mdput/m/n --> MDA/mdput/b/n on input line 491.
Now handling font encoding MDB ...
... no UTF-8 mapping file for font encoding MDB
\symmathdesignB=\mathgroup8
LaTeX Font Info:    Overwriting symbol font `mathdesignB' in version `bold'
(Font)                  MDB/mdput/m/n --> MDB/mdput/b/n on input line 498.
\@emptytoks=\toks20
LaTeX Font Info:    Redeclaring math accent \widetilde on input line 532.
LaTeX Font Info:    Redeclaring math accent \widehat on input line 533.
\rulethickness=\skip49
)
(C:\Users\erickfs\AppData\Local\Programs\MiKTeX\tex/latex/base\fontenc.sty
Package: fontenc 2020/08/10 v2.0s Standard LaTeX package
))
(C:\Users\erickfs\AppData\Local\Programs\MiKTeX\tex/latex/titlesec\titlesec.sty
Package: titlesec 2019/10/16 v2.13 Sectioning titles
\ttl@box=\box47
\beforetitleunit=\skip50
\aftertitleunit=\skip51
\ttl@plus=\dimen139
\ttl@minus=\dimen140
\ttl@toksa=\toks21
\titlewidth=\dimen141
\titlewidthlast=\dimen142
\titlewidthfirst=\dimen143
)
(C:\Users\erickfs\AppData\Local\Programs\MiKTeX\tex/latex/geometry\geometry.sty
Package: geometry 2020/01/02 v5.9 Page Geometry
(C:\Users\erickfs\AppData\Local\Programs\MiKTeX\tex/generic/iftex\ifvtex.sty
Package: ifvtex 2019/10/25 v1.7 ifvtex legacy package. Use iftex instead.

(C:\Users\erickfs\AppData\Local\Programs\MiKTeX\tex/generic/iftex\iftex.sty
Package: iftex 2020/03/06 v1.0d TeX engine tests
))
\Gm@cnth=\count186
\Gm@cntv=\count187
\c@Gm@tempcnt=\count188
\Gm@bindingoffset=\dimen144
\Gm@wd@mp=\dimen145
\Gm@odd@mp=\dimen146
\Gm@even@mp=\dimen147
\Gm@layoutwidth=\dimen148
\Gm@layoutheight=\dimen149
\Gm@layouthoffset=\dimen150
\Gm@layoutvoffset=\dimen151
\Gm@dimlist=\toks22

(C:\Users\erickfs\AppData\Local\Programs\MiKTeX\tex/latex/geometry\geometry.cfg
)) (C:\Users\erickfs\AppData\Local\Programs\MiKTeX\tex/generic/babel\babel.sty
Package: babel 2021/03/03 3.55 The Babel package

(C:\Users\erickfs\AppData\Local\Programs\MiKTeX\tex/generic/babel\babel.def
File: babel.def 2021/03/03 3.55 Babel common definitions
\babel@savecnt=\count189
\U@D=\dimen152
\l@babelnohyphens=\language79

(C:\Users\erickfs\AppData\Local\Programs\MiKTeX\tex/generic/babel\txtbabel.def)
\bbl@readstream=\read2
)
\bbl@dirlevel=\count190

*************************************
* Local config file bblopts.cfg used
*
(C:\Users\erickfs\AppData\Local\Programs\MiKTeX\tex/latex/arabi\bblopts.cfg
File: bblopts.cfg 2005/09/08 v0.1 add Arabic and Farsi to "declared" options of
 babel
)
(C:\Users\erickfs\AppData\Local\Programs\MiKTeX\tex/latex/babel-english\british
.ldf
Language: british 2017/06/06 v3.3r English support from the babel system

(C:\Users\erickfs\AppData\Local\Programs\MiKTeX\tex/latex/babel-english\english
.ldf
Language: english 2017/06/06 v3.3r English support from the babel system
Package babel Info: \l@canadian = using hyphenrules for english
(babel)             (\language0) on input line 102.
Package babel Info: \l@australian = using hyphenrules for ukenglish
(babel)             (\language73) on input line 105.
Package babel Info: \l@newzealand = using hyphenrules for ukenglish
(babel)             (\language73) on input line 108.
)))
(C:\Users\erickfs\AppData\Local\Programs\MiKTeX\tex/latex/caption\caption.sty
Package: caption 2020/10/26 v3.5g Customizing captions (AR)

(C:\Users\erickfs\AppData\Local\Programs\MiKTeX\tex/latex/caption\caption3.sty
Package: caption3 2020/10/21 v2.2e caption3 kernel (AR)
\captionmargin=\dimen153
\captionmargin@=\dimen154
\captionwidth=\dimen155
\caption@tempdima=\dimen156
\caption@indent=\dimen157
\caption@parindent=\dimen158
\caption@hangindent=\dimen159
Package caption Info: Standard document class detected.
)
\c@caption@flags=\count191
\c@continuedfloat=\count192
)
(C:\Users\erickfs\AppData\Local\Programs\MiKTeX\tex/latex/hyperref\hyperref.sty
Package: hyperref 2021-02-27 v7.00k Hypertext links for LaTeX

(C:\Users\erickfs\AppData\Local\Programs\MiKTeX\tex/generic/ltxcmds\ltxcmds.sty
Package: ltxcmds 2020-05-10 v1.25 LaTeX kernel commands for general use (HO)
)
(C:\Users\erickfs\AppData\Local\Programs\MiKTeX\tex/generic/pdftexcmds\pdftexcm
ds.sty
Package: pdftexcmds 2020-06-27 v0.33 Utility functions of pdfTeX for LuaTeX (HO
)

(C:\Users\erickfs\AppData\Local\Programs\MiKTeX\tex/generic/infwarerr\infwarerr
.sty
Package: infwarerr 2019/12/03 v1.5 Providing info/warning/error messages (HO)
)
Package pdftexcmds Info: \pdf@primitive is available.
Package pdftexcmds Info: \pdf@ifprimitive is available.
Package pdftexcmds Info: \pdfdraftmode found.
)
(C:\Users\erickfs\AppData\Local\Programs\MiKTeX\tex/generic/kvsetkeys\kvsetkeys
.sty
Package: kvsetkeys 2019/12/15 v1.18 Key value parser (HO)
)
(C:\Users\erickfs\AppData\Local\Programs\MiKTeX\tex/generic/kvdefinekeys\kvdefi
nekeys.sty
Package: kvdefinekeys 2019-12-19 v1.6 Define keys (HO)
)
(C:\Users\erickfs\AppData\Local\Programs\MiKTeX\tex/generic/pdfescape\pdfescape
.sty
Package: pdfescape 2019/12/09 v1.15 Implements pdfTeX's escape features (HO)
)
(C:\Users\erickfs\AppData\Local\Programs\MiKTeX\tex/latex/hycolor\hycolor.sty
Package: hycolor 2020-01-27 v1.10 Color options for hyperref/bookmark (HO)
)
(C:\Users\erickfs\AppData\Local\Programs\MiKTeX\tex/latex/letltxmacro\letltxmac
ro.sty
Package: letltxmacro 2019/12/03 v1.6 Let assignment for LaTeX macros (HO)
)
(C:\Users\erickfs\AppData\Local\Programs\MiKTeX\tex/latex/auxhook\auxhook.sty
Package: auxhook 2019-12-17 v1.6 Hooks for auxiliary files (HO)
)
(C:\Users\erickfs\AppData\Local\Programs\MiKTeX\tex/latex/kvoptions\kvoptions.s
ty
Package: kvoptions 2020-10-07 v3.14 Key value format for package options (HO)
)
\@linkdim=\dimen160
\Hy@linkcounter=\count193
\Hy@pagecounter=\count194

(C:\Users\erickfs\AppData\Local\Programs\MiKTeX\tex/latex/hyperref\pd1enc.def
File: pd1enc.def 2021-02-27 v7.00k Hyperref: PDFDocEncoding definition (HO)
Now handling font encoding PD1 ...
... no UTF-8 mapping file for font encoding PD1
)
(C:\Users\erickfs\AppData\Local\Programs\MiKTeX\tex/latex/hyperref\hyperref-lan
gpatches.def
File: hyperref-langpatches.def 2021-02-27 v7.00k Hyperref: patches for babel la
nguages
)
(C:\Users\erickfs\AppData\Local\Programs\MiKTeX\tex/generic/intcalc\intcalc.sty
Package: intcalc 2019/12/15 v1.3 Expandable calculations with integers (HO)
)
(C:\Users\erickfs\AppData\Local\Programs\MiKTeX\tex/generic/etexcmds\etexcmds.s
ty
Package: etexcmds 2019/12/15 v1.7 Avoid name clashes with e-TeX commands (HO)
)
\Hy@SavedSpaceFactor=\count195

(C:\Users\erickfs\AppData\Local\Programs\MiKTeX\tex/latex/hyperref\puenc.def
File: puenc.def 2021-02-27 v7.00k Hyperref: PDF Unicode definition (HO)
Now handling font encoding PU ...
... no UTF-8 mapping file for font encoding PU
)
Package hyperref Info: Option `colorlinks' set `true' on input line 4073.
Package hyperref Info: Hyper figures OFF on input line 4192.
Package hyperref Info: Link nesting OFF on input line 4197.
Package hyperref Info: Hyper index ON on input line 4200.
Package hyperref Info: Plain pages OFF on input line 4207.
Package hyperref Info: Backreferencing OFF on input line 4212.
Package hyperref Info: Implicit mode ON; LaTeX internals redefined.
Package hyperref Info: Bookmarks ON on input line 4445.
\c@Hy@tempcnt=\count196

(C:\Users\erickfs\AppData\Local\Programs\MiKTeX\tex/latex/url\url.sty
\Urlmuskip=\muskip16
Package: url 2013/09/16  ver 3.4  Verb mode for urls, etc.
)
LaTeX Info: Redefining \url on input line 4804.
\XeTeXLinkMargin=\dimen161

(C:\Users\erickfs\AppData\Local\Programs\MiKTeX\tex/generic/bitset\bitset.sty
Package: bitset 2019/12/09 v1.3 Handle bit-vector datatype (HO)

(C:\Users\erickfs\AppData\Local\Programs\MiKTeX\tex/generic/bigintcalc\bigintca
lc.sty
Package: bigintcalc 2019/12/15 v1.5 Expandable calculations on big integers (HO
)
))
\Fld@menulength=\count197
\Field@Width=\dimen162
\Fld@charsize=\dimen163
Package hyperref Info: Hyper figures OFF on input line 6075.
Package hyperref Info: Link nesting OFF on input line 6080.
Package hyperref Info: Hyper index ON on input line 6083.
Package hyperref Info: backreferencing OFF on input line 6090.
Package hyperref Info: Link coloring ON on input line 6093.
Package hyperref Info: Link coloring with OCG OFF on input line 6100.
Package hyperref Info: PDF/A mode OFF on input line 6105.
LaTeX Info: Redefining \ref on input line 6145.
LaTeX Info: Redefining \pageref on input line 6149.

(C:\Users\erickfs\AppData\Local\Programs\MiKTeX\tex/latex/base\atbegshi-ltx.sty
Package: atbegshi-ltx 2020/08/17 v1.0a Emulation of the original atbegshi packa
ge
with kernel methods
)
\Hy@abspage=\count198
\c@Item=\count199
\c@Hfootnote=\count266
)
Package hyperref Info: Driver (autodetected): hpdftex.

(C:\Users\erickfs\AppData\Local\Programs\MiKTeX\tex/latex/hyperref\hpdftex.def
File: hpdftex.def 2021-02-27 v7.00k Hyperref driver for pdfTeX

(C:\Users\erickfs\AppData\Local\Programs\MiKTeX\tex/latex/base\atveryend-ltx.st
y
Package: atveryend-ltx 2020/08/19 v1.0a Emulation of the original atvery packag
e
with kernel methods
)
\Fld@listcount=\count267
\c@bookmark@seq@number=\count268

(C:\Users\erickfs\AppData\Local\Programs\MiKTeX\tex/latex/rerunfilecheck\rerunf
ilecheck.sty
Package: rerunfilecheck 2019/12/05 v1.9 Rerun checks for auxiliary files (HO)

(C:\Users\erickfs\AppData\Local\Programs\MiKTeX\tex/generic/uniquecounter\uniqu
ecounter.sty
Package: uniquecounter 2019/12/15 v1.4 Provide unlimited unique counter (HO)
)
Package uniquecounter Info: New unique counter `rerunfilecheck' on input line 2
86.
)
\Hy@SectionHShift=\skip52
)
(C:\Users\erickfs\AppData\Local\Programs\MiKTeX\tex/latex/graphics\graphicx.sty
Package: graphicx 2020/09/09 v1.2b Enhanced LaTeX Graphics (DPC,SPQR)

(C:\Users\erickfs\AppData\Local\Programs\MiKTeX\tex/latex/graphics\graphics.sty
Package: graphics 2020/08/30 v1.4c Standard LaTeX Graphics (DPC,SPQR)
(C:\Users\erickfs\AppData\Local\Programs\MiKTeX\tex/latex/graphics\trig.sty
Package: trig 2016/01/03 v1.10 sin cos tan (DPC)
)
(C:\Users\erickfs\AppData\Local\Programs\MiKTeX\tex/latex/graphics-cfg\graphics
.cfg
File: graphics.cfg 2016/06/04 v1.11 sample graphics configuration
)
Package graphics Info: Driver file: pdftex.def on input line 105.

(C:\Users\erickfs\AppData\Local\Programs\MiKTeX\tex/latex/graphics-def\pdftex.d
ef
File: pdftex.def 2020/10/05 v1.2a Graphics/color driver for pdftex
))
\Gin@req@height=\dimen164
\Gin@req@width=\dimen165
)
\c@n@authors=\count269
\@authors=\toks23
\c@n@affiliations=\count270
\@affiliations=\toks24
\c@trlist@cnt=\count271
)
(C:\Users\erickfs\AppData\Local\Programs\MiKTeX\tex/latex/float\float.sty
Package: float 2001/11/08 v1.3d Float enhancements (AL)
\c@float@type=\count272
\float@exts=\toks25
\float@box=\box48
\@float@everytoks=\toks26
\@floatcapt=\box49
)
(C:\Users\erickfs\AppData\Local\Programs\MiKTeX\tex/latex/amsmath\amsmath.sty
Package: amsmath 2020/09/23 v2.17i AMS math features
\@mathmargin=\skip53

For additional information on amsmath, use the `?' option.
(C:\Users\erickfs\AppData\Local\Programs\MiKTeX\tex/latex/amsmath\amstext.sty
Package: amstext 2000/06/29 v2.01 AMS text

(C:\Users\erickfs\AppData\Local\Programs\MiKTeX\tex/latex/amsmath\amsgen.sty
File: amsgen.sty 1999/11/30 v2.0 generic functions
\@emptytoks=\toks27
\ex@=\dimen166
))
(C:\Users\erickfs\AppData\Local\Programs\MiKTeX\tex/latex/amsmath\amsbsy.sty
Package: amsbsy 1999/11/29 v1.2d Bold Symbols
\pmbraise@=\dimen167
)
(C:\Users\erickfs\AppData\Local\Programs\MiKTeX\tex/latex/amsmath\amsopn.sty
Package: amsopn 2016/03/08 v2.02 operator names
)
\inf@bad=\count273
LaTeX Info: Redefining \frac on input line 234.
\uproot@=\count274
\leftroot@=\count275
LaTeX Info: Redefining \overline on input line 399.
\classnum@=\count276
\DOTSCASE@=\count277
LaTeX Info: Redefining \ldots on input line 496.
LaTeX Info: Redefining \dots on input line 499.
LaTeX Info: Redefining \cdots on input line 620.
\Mathstrutbox@=\box50
\strutbox@=\box51
\big@size=\dimen168
LaTeX Font Info:    Redeclaring font encoding OML on input line 743.
LaTeX Font Info:    Redeclaring font encoding OMS on input line 744.
\macc@depth=\count278
\c@MaxMatrixCols=\count279
\dotsspace@=\muskip17
\c@parentequation=\count280
\dspbrk@lvl=\count281
\tag@help=\toks28
\row@=\count282
\column@=\count283
\maxfields@=\count284
\andhelp@=\toks29
\eqnshift@=\dimen169
\alignsep@=\dimen170
\tagshift@=\dimen171
\tagwidth@=\dimen172
\totwidth@=\dimen173
\lineht@=\dimen174
\@envbody=\toks30
\multlinegap=\skip54
\multlinetaggap=\skip55
\mathdisplay@stack=\toks31
LaTeX Info: Redefining \[ on input line 2923.
LaTeX Info: Redefining \] on input line 2924.
)
(slashbox.sty
slashbox style by K.Yasuoka, May 1993.
\@slashboxa=\box52
\@slashboxb=\box53
\@slashboxc=\box54
\@slashboxwd=\count285
\@slashboxht=\count286
\@slashsepl=\dimen175
\@slashsepr=\dimen176
)
(C:\Users\erickfs\AppData\Local\Programs\MiKTeX\tex/latex/subfigure\subfigure.s
ty
Package: subfigure 2002/07/30 v2.1.4 subfigure package
\subfigtopskip=\skip56
\subfigcapskip=\skip57
\subfigcaptopadj=\dimen177
\subfigbottomskip=\skip58
\subfigcapmargin=\dimen178
\subfiglabelskip=\skip59
\c@subfigure=\count287
\c@lofdepth=\count288
\c@subtable=\count289
\c@lotdepth=\count290

****************************************
* Local config file subfigure.cfg used *
****************************************

(C:\Users\erickfs\AppData\Local\Programs\MiKTeX\tex/latex/subfigure\subfigure.c
fg)
\subfig@top=\skip60
\subfig@bottom=\skip61
)
(C:\Users\erickfs\AppData\Local\Programs\MiKTeX\tex/latex/listings\listings.sty
\lst@mode=\count291
\lst@gtempboxa=\box55
\lst@token=\toks32
\lst@length=\count292
\lst@currlwidth=\dimen179
\lst@column=\count293
\lst@pos=\count294
\lst@lostspace=\dimen180
\lst@width=\dimen181
\lst@newlines=\count295
\lst@lineno=\count296
\lst@maxwidth=\dimen182
(C:\Users\erickfs\AppData\Local\Programs\MiKTeX\tex/latex/listings\lstmisc.sty
File: lstmisc.sty 2020/03/24 1.8d (Carsten Heinz)
\c@lstnumber=\count297
\lst@skipnumbers=\count298
\lst@framebox=\box56
)
(C:\Users\erickfs\AppData\Local\Programs\MiKTeX\tex/latex/listings\listings.cfg
File: listings.cfg 2020/03/24 1.8d listings configuration
))
Package: listings 2020/03/24 1.8d (Carsten Heinz)

(C:\Users\erickfs\AppData\Local\Programs\MiKTeX\tex/latex/algorithms\algorithm.
sty
Package: algorithm 2009/08/24 v0.1 Document Style `algorithm' - floating enviro
nment
\@float@every@algorithm=\toks33
\c@algorithm=\count299
)
(C:\Users\erickfs\AppData\Local\Programs\MiKTeX\tex/latex/algorithmicx\algorith
micx.sty
Package: algorithmicx 2005/04/27 v1.2 Algorithmicx

Document Style algorithmicx 1.2 - a greatly improved `algorithmic' style
\c@ALG@line=\count300
\c@ALG@rem=\count301
\c@ALG@nested=\count302
\ALG@tlm=\skip62
\ALG@thistlm=\skip63
\c@ALG@Lnr=\count303
\c@ALG@blocknr=\count304
\c@ALG@storecount=\count305
\c@ALG@tmpcounter=\count306
\ALG@tmplength=\skip64
)
(C:\Users\erickfs\AppData\Local\Programs\MiKTeX\tex/latex/algorithmicx\algpseud
ocode.sty
Package: algpseudocode 

Document Style - pseudocode environments for use with the `algorithmicx' style
)
(C:\Users\erickfs\AppData\Local\Programs\MiKTeX\tex/latex/l3backend\l3backend-p
dftex.def
File: l3backend-pdftex.def 2021-03-02 L3 backend support: PDF output (pdfTeX)
\l__color_backend_stack_int=\count307
\l__pdf_internal_box=\box57
) ("Bayesian Computing Report.aux"

LaTeX Warning: Label `VarImp' multiply defined.


LaTeX Warning: Label `RFOOB' multiply defined.

)
\openout1 = `"Bayesian Computing Report.aux"'.

LaTeX Font Info:    Checking defaults for OML/cmm/m/it on input line 16.
LaTeX Font Info:    ... okay on input line 16.
LaTeX Font Info:    Checking defaults for OMS/cmsy/m/n on input line 16.
LaTeX Font Info:    ... okay on input line 16.
LaTeX Font Info:    Checking defaults for OT1/cmr/m/n on input line 16.
LaTeX Font Info:    ... okay on input line 16.
LaTeX Font Info:    Checking defaults for T1/cmr/m/n on input line 16.
LaTeX Font Info:    ... okay on input line 16.
LaTeX Font Info:    Checking defaults for TS1/cmr/m/n on input line 16.
LaTeX Font Info:    ... okay on input line 16.
LaTeX Font Info:    Checking defaults for OMX/cmex/m/n on input line 16.
LaTeX Font Info:    ... okay on input line 16.
LaTeX Font Info:    Checking defaults for U/cmr/m/n on input line 16.
LaTeX Font Info:    ... okay on input line 16.
LaTeX Font Info:    Checking defaults for MDA/cmr/m/n on input line 16.
LaTeX Font Info:    Trying to load font information for MDA+cmr on input line 1
6.

(C:\Users\erickfs\AppData\Local\Programs\MiKTeX\tex/latex/mathdesign\mdacmr.fd
File: mdacmr.fd 
)
LaTeX Font Info:    ... okay on input line 16.
LaTeX Font Info:    Checking defaults for MDB/cmr/m/n on input line 16.
LaTeX Font Info:    Trying to load font information for MDB+cmr on input line 1
6.
(C:\Users\erickfs\AppData\Local\Programs\MiKTeX\tex/latex/mathdesign\mdbcmr.fd
File: mdbcmr.fd 
)
LaTeX Font Info:    ... okay on input line 16.
LaTeX Font Info:    Checking defaults for PD1/pdf/m/n on input line 16.
LaTeX Font Info:    ... okay on input line 16.
LaTeX Font Info:    Checking defaults for PU/pdf/m/n on input line 16.
LaTeX Font Info:    ... okay on input line 16.
*geometry* driver: auto-detecting
*geometry* detected driver: pdftex
*geometry* verbose mode - [ preamble ] result:
* driver: pdftex
* paper: a4paper
* layout: <same size as paper>
* layoutoffset:(h,v)=(0.0pt,0.0pt)
* modes: 
* h-part:(L,W,R)=(74.68848pt, 448.1309pt, 74.68849pt)
* v-part:(T,H,B)=(67.60269pt, 676.04005pt, 101.4041pt)
* \paperwidth=597.50787pt
* \paperheight=845.04684pt
* \textwidth=448.1309pt
* \textheight=676.04005pt
* \oddsidemargin=2.41849pt
* \evensidemargin=2.41849pt
* \topmargin=-41.6673pt
* \headheight=12.0pt
* \headsep=25.0pt
* \topskip=10.0pt
* \footskip=30.0pt
* \marginparwidth=65.0pt
* \marginparsep=11.0pt
* \columnsep=10.0pt
* \skip\footins=9.0pt plus 4.0pt minus 2.0pt
* \hoffset=0.0pt
* \voffset=0.0pt
* \mag=1000
* \@twocolumnfalse
* \@twosidefalse
* \@mparswitchfalse
* \@reversemarginfalse
* (1in=72.27pt=25.4mm, 1cm=28.453pt)

Package caption Info: Begin \AtBeginDocument code.
Package caption Info: float package is loaded.
Package caption Info: hyperref package is loaded.
Package caption Info: listings package is loaded.
Package caption Info: subfigure package is loaded.
Package caption Info: End \AtBeginDocument code.
(C:\Users\erickfs\AppData\Local\Programs\MiKTeX\tex/latex/graphics\color.sty
Package: color 2020/02/24 v1.2b Standard LaTeX Color (DPC)

(C:\Users\erickfs\AppData\Local\Programs\MiKTeX\tex/latex/graphics-cfg\color.cf
g
File: color.cfg 2016/01/02 v1.6 sample color configuration
)
Package color Info: Driver file: pdftex.def on input line 147.
)
Package hyperref Info: Link coloring ON on input line 16.

(C:\Users\erickfs\AppData\Local\Programs\MiKTeX\tex/latex/hyperref\nameref.sty
Package: nameref 2021-04-02 v2.47 Cross-referencing by name of section

(C:\Users\erickfs\AppData\Local\Programs\MiKTeX\tex/latex/refcount\refcount.sty
Package: refcount 2019/12/15 v3.6 Data extraction from label references (HO)
)
(C:\Users\erickfs\AppData\Local\Programs\MiKTeX\tex/generic/gettitlestring\gett
itlestring.sty
Package: gettitlestring 2019/12/15 v1.6 Cleanup title references (HO)
)
\c@section@level=\count308
)
LaTeX Info: Redefining \ref on input line 16.
LaTeX Info: Redefining \pageref on input line 16.
LaTeX Info: Redefining \nameref on input line 16.
 ("Bayesian Computing Report.out")
("Bayesian Computing Report.out")
\@outlinefile=\write3
\openout3 = `"Bayesian Computing Report.out"'.


(C:\Users\erickfs\AppData\Local\Programs\MiKTeX\tex/context/base/mkii\supp-pdf.
mkii
[Loading MPS to PDF converter (version 2006.09.02).]
\scratchcounter=\count309
\scratchdimen=\dimen183
\scratchbox=\box58
\nofMPsegments=\count310
\nofMParguments=\count311
\everyMPshowfont=\toks34
\MPscratchCnt=\count312
\MPscratchDim=\dimen184
\MPnumerator=\count313
\makeMPintoPDFobject=\count314
\everyMPtoPDFconversion=\toks35
)
(C:\Users\erickfs\AppData\Local\Programs\MiKTeX\tex/latex/epstopdf-pkg\epstopdf
-base.sty
Package: epstopdf-base 2020-01-24 v2.11 Base part for package epstopdf
Package epstopdf-base Info: Redefining graphics rule for `.eps' on input line 4
85.
)
\c@lstlisting=\count315


pdfTeX warning: pdflatex (file ./images/HeaderUSI_FAU.pdf): PDF inclusion: foun
d PDF version <1.6>, but at most version <1.5> allowed
<images/HeaderUSI_FAU.pdf, id=135, 625.96059pt x 85.3579pt>
File: images/HeaderUSI_FAU.pdf Graphic file (type pdf)
<use images/HeaderUSI_FAU.pdf>
Package pdftex.def Info: images/HeaderUSI_FAU.pdf  used on input line 31.
(pdftex.def)             Requested size: 448.1309pt x 61.10988pt.
LaTeX Font Info:    Font shape `T1/mdput/m/it' will be
(Font)              scaled to size 9.40002pt on input line 31.
LaTeX Font Info:    Font shape `T1/mdput/m/it' will be
(Font)              scaled to size 11.28003pt on input line 31.
LaTeX Font Info:    Font shape `T1/mdput/m/n' will be
(Font)              scaled to size 16.24324pt on input line 31.
LaTeX Font Info:    Trying to load font information for T1+uop on input line 31
.
LaTeX Font Info:    No file T1uop.fd. on input line 31.

LaTeX Font Warning: Font shape `T1/uop/m/n' undefined
(Font)              using `T1/cmr/m/n' instead on input line 31.


LaTeX Font Warning: Font shape `T1/uop/b/n' undefined
(Font)              using `T1/uop/m/n' instead on input line 31.

LaTeX Font Info:    Font shape `T1/mdput/b/n' will be
(Font)              scaled to size 16.24324pt on input line 31.
LaTeX Font Info:    Font shape `T1/mdput/m/n' will be
(Font)              scaled to size 11.28003pt on input line 31.
LaTeX Font Info:    Trying to load font information for OT1+mdput on input line
 31.

(C:\Users\erickfs\AppData\Local\Programs\MiKTeX\tex/latex/mathdesign/mdput\ot1m
dput.fd
File: ot1mdput.fd 2013/08/29 Fontinst v1.933 font definitions for OT1/mdput.
)
LaTeX Font Info:    Font shape `OT1/mdput/m/n' will be
(Font)              scaled to size 11.28003pt on input line 31.
LaTeX Font Info:    Font shape `OT1/mdput/m/n' will be
(Font)              scaled to size 7.52002pt on input line 31.
LaTeX Font Info:    Font shape `OT1/mdput/m/n' will be
(Font)              scaled to size 5.64001pt on input line 31.
LaTeX Font Info:    Trying to load font information for OML+mdput on input line
 31.

(C:\Users\erickfs\AppData\Local\Programs\MiKTeX\tex/latex/mathdesign/mdput\omlm
dput.fd
File: omlmdput.fd 2013/08/29 Fontinst v1.933 font definitions for OML/mdput.
)
LaTeX Font Info:    Font shape `OML/mdput/m/it' will be
(Font)              scaled to size 11.28003pt on input line 31.
LaTeX Font Info:    Font shape `OML/mdput/m/it' will be
(Font)              scaled to size 7.52002pt on input line 31.
LaTeX Font Info:    Font shape `OML/mdput/m/it' will be
(Font)              scaled to size 5.64001pt on input line 31.
LaTeX Font Info:    Trying to load font information for OMS+mdput on input line
 31.

(C:\Users\erickfs\AppData\Local\Programs\MiKTeX\tex/latex/mathdesign/mdput\omsm
dput.fd
File: omsmdput.fd 2013/08/29 Fontinst v1.933 font definitions for OMS/mdput.
)
LaTeX Font Info:    Font shape `OMS/mdput/m/n' will be
(Font)              scaled to size 11.28003pt on input line 31.
LaTeX Font Info:    Font shape `OMS/mdput/m/n' will be
(Font)              scaled to size 7.52002pt on input line 31.
LaTeX Font Info:    Font shape `OMS/mdput/m/n' will be
(Font)              scaled to size 5.64001pt on input line 31.
LaTeX Font Info:    Trying to load font information for OMX+mdput on input line
 31.

(C:\Users\erickfs\AppData\Local\Programs\MiKTeX\tex/latex/mathdesign/mdput\omxm
dput.fd
File: omxmdput.fd 2013/08/29 Fontinst v1.933 font definitions for OMX/mdput.
)
LaTeX Font Info:    Font shape `OMX/mdput/m/n' will be
(Font)              scaled to size 11.28003pt on input line 31.
LaTeX Font Info:    Font shape `OMX/mdput/m/n' will be
(Font)              scaled to size 7.52002pt on input line 31.
LaTeX Font Info:    Font shape `OMX/mdput/m/n' will be
(Font)              scaled to size 5.64001pt on input line 31.
LaTeX Font Info:    Font shape `OML/mdput/m/n' will be
(Font)              scaled to size 11.28003pt on input line 31.
LaTeX Font Info:    Font shape `OML/mdput/m/n' will be
(Font)              scaled to size 7.52002pt on input line 31.
LaTeX Font Info:    Font shape `OML/mdput/m/n' will be
(Font)              scaled to size 5.64001pt on input line 31.
LaTeX Font Info:    Trying to load font information for MDA+mdput on input line
 31.

(C:\Users\erickfs\AppData\Local\Programs\MiKTeX\tex/latex/mathdesign/mdput\mdam
dput.fd
File: mdamdput.fd 2013/08/29 Fontinst v1.933 font definitions for MDA/mdput.
)
LaTeX Font Info:    Font shape `MDA/mdput/m/n' will be
(Font)              scaled to size 11.28003pt on input line 31.
LaTeX Font Info:    Font shape `MDA/mdput/m/n' will be
(Font)              scaled to size 7.52002pt on input line 31.
LaTeX Font Info:    Font shape `MDA/mdput/m/n' will be
(Font)              scaled to size 5.64001pt on input line 31.
LaTeX Font Info:    Trying to load font information for MDB+mdput on input line
 31.

(C:\Users\erickfs\AppData\Local\Programs\MiKTeX\tex/latex/mathdesign/mdput\mdbm
dput.fd
File: mdbmdput.fd 2013/08/29 Fontinst v1.933 font definitions for MDB/mdput.
)
LaTeX Font Info:    Font shape `MDB/mdput/m/n' will be
(Font)              scaled to size 11.28003pt on input line 31.
LaTeX Font Info:    Font shape `MDB/mdput/m/n' will be
(Font)              scaled to size 7.52002pt on input line 31.
LaTeX Font Info:    Font shape `MDB/mdput/m/n' will be
(Font)              scaled to size 5.64001pt on input line 31.
LaTeX Font Info:    Font shape `T1/mdput/m/n' will be
(Font)              scaled to size 8.46002pt on input line 31.
LaTeX Font Info:    Font shape `OT1/mdput/m/n' will be
(Font)              scaled to size 8.46002pt on input line 31.
LaTeX Font Info:    Font shape `OT1/mdput/m/n' will be
(Font)              scaled to size 4.70001pt on input line 31.
LaTeX Font Info:    Font shape `OML/mdput/m/it' will be
(Font)              scaled to size 8.46002pt on input line 31.
LaTeX Font Info:    Font shape `OML/mdput/m/it' will be
(Font)              scaled to size 4.70001pt on input line 31.
LaTeX Font Info:    Font shape `OMS/mdput/m/n' will be
(Font)              scaled to size 8.46002pt on input line 31.
LaTeX Font Info:    Font shape `OMS/mdput/m/n' will be
(Font)              scaled to size 4.70001pt on input line 31.
LaTeX Font Info:    Font shape `OMX/mdput/m/n' will be
(Font)              scaled to size 8.46002pt on input line 31.
LaTeX Font Info:    Font shape `OMX/mdput/m/n' will be
(Font)              scaled to size 4.70001pt on input line 31.
LaTeX Font Info:    Font shape `OML/mdput/m/n' will be
(Font)              scaled to size 8.46002pt on input line 31.
LaTeX Font Info:    Font shape `OML/mdput/m/n' will be
(Font)              scaled to size 4.70001pt on input line 31.
LaTeX Font Info:    Font shape `MDA/mdput/m/n' will be
(Font)              scaled to size 8.46002pt on input line 31.
LaTeX Font Info:    Font shape `MDA/mdput/m/n' will be
(Font)              scaled to size 4.70001pt on input line 31.
LaTeX Font Info:    Font shape `MDB/mdput/m/n' will be
(Font)              scaled to size 8.46002pt on input line 31.
LaTeX Font Info:    Font shape `MDB/mdput/m/n' will be
(Font)              scaled to size 4.70001pt on input line 31.
LaTeX Font Info:    Font shape `T1/mdput/m/n' will be
(Font)              scaled to size 7.52002pt on input line 35.
LaTeX Font Info:    Font shape `T1/mdput/m/it' will be
(Font)              scaled to size 7.52002pt on input line 35.
 [1

{C:/Users/erickfs/AppData/Local/MiKTeX/pdftex/config/pdftex.map} <./images/Head
erUSI_FAU.pdf>]
LaTeX Font Info:    Font shape `OT1/mdput/m/n' will be
(Font)              scaled to size 9.40002pt on input line 51.
LaTeX Font Info:    Font shape `OT1/mdput/m/n' will be
(Font)              scaled to size 6.58002pt on input line 51.
LaTeX Font Info:    Font shape `OML/mdput/m/it' will be
(Font)              scaled to size 9.40002pt on input line 51.
LaTeX Font Info:    Font shape `OML/mdput/m/it' will be
(Font)              scaled to size 6.58002pt on input line 51.
LaTeX Font Info:    Font shape `OMS/mdput/m/n' will be
(Font)              scaled to size 9.40002pt on input line 51.
LaTeX Font Info:    Font shape `OMS/mdput/m/n' will be
(Font)              scaled to size 6.58002pt on input line 51.
LaTeX Font Info:    Font shape `OMX/mdput/m/n' will be
(Font)              scaled to size 9.40002pt on input line 51.
LaTeX Font Info:    Font shape `OMX/mdput/m/n' will be
(Font)              scaled to size 6.58002pt on input line 51.
LaTeX Font Info:    Font shape `OML/mdput/m/n' will be
(Font)              scaled to size 9.40002pt on input line 51.
LaTeX Font Info:    Font shape `OML/mdput/m/n' will be
(Font)              scaled to size 6.58002pt on input line 51.
LaTeX Font Info:    Font shape `MDA/mdput/m/n' will be
(Font)              scaled to size 9.40002pt on input line 51.
LaTeX Font Info:    Font shape `MDA/mdput/m/n' will be
(Font)              scaled to size 6.58002pt on input line 51.
LaTeX Font Info:    Font shape `MDB/mdput/m/n' will be
(Font)              scaled to size 9.40002pt on input line 51.
LaTeX Font Info:    Font shape `MDB/mdput/m/n' will be
(Font)              scaled to size 6.58002pt on input line 51.
<images/image114.png, id=176, 683.55376pt x 374.39874pt>
File: images/image114.png Graphic file (type png)
<use images/image114.png>
Package pdftex.def Info: images/image114.png  used on input line 55.
(pdftex.def)             Requested size: 313.69026pt x 171.8199pt.
LaTeX Font Info:    Trying to load font information for TS1+mdput on input line
 62.

(C:\Users\erickfs\AppData\Local\Programs\MiKTeX\tex/latex/mathdesign/mdput\ts1m
dput.fd
File: ts1mdput.fd 2013/08/29 Fontinst v1.933 font definitions for TS1/mdput.
)
LaTeX Font Info:    Font shape `TS1/mdput/m/n' will be
(Font)              scaled to size 9.40002pt on input line 62.
 [2 <./images/image114.png>]
LaTeX Font Info:    Font shape `T1/mdput/m/n' will be
(Font)              scaled to size 6.58002pt on input line 84.
LaTeX Font Info:    Font shape `T1/mdput/m/n' will be
(Font)              scaled to size 4.70001pt on input line 84.
 [3]
Package hyperref Info: bookmark level for unknown algorithm defaults to 0 on in
put line 133.
LaTeX Font Info:    Font shape `T1/mdput/b/n' will be
(Font)              scaled to size 9.40002pt on input line 133.
LaTeX Font Info:    Font shape `T1/mdput/m/fsc' will be
(Font)              scaled to size 9.40002pt on input line 136.
 [4]
Overfull \hbox (1.02025pt too wide) in paragraph at lines 161--162
\T1/mdput/m/n/10 cept-ance rate is al-ways taken as 1 [[]]. It is spe-cially us
ed when sampling mul-tivari-ate dis-tri-bu-tions, whereby
 []

[5]
<images/image113.png, id=269, 594.22pt x 398.48875pt>
File: images/image113.png Graphic file (type png)
<use images/image113.png>
Package pdftex.def Info: images/image113.png  used on input line 210.
(pdftex.def)             Requested size: 268.88127pt x 180.32155pt.


LaTeX Warning: `!h' float specifier changed to `!ht'.

[6] [7 <./images/image113.png>]
LaTeX Font Info:    Font shape `OT1/mdput/b/n' will be
(Font)              scaled to size 9.40002pt on input line 277.
LaTeX Font Info:    Font shape `OT1/mdput/b/n' will be
(Font)              scaled to size 6.58002pt on input line 277.
LaTeX Font Info:    Font shape `OT1/mdput/b/n' will be
(Font)              scaled to size 4.70001pt on input line 277.
LaTeX Font Info:    Font shape `OML/mdput/b/it' will be
(Font)              scaled to size 9.40002pt on input line 277.
LaTeX Font Info:    Font shape `OML/mdput/b/it' will be
(Font)              scaled to size 6.58002pt on input line 277.
LaTeX Font Info:    Font shape `OML/mdput/b/it' will be
(Font)              scaled to size 4.70001pt on input line 277.
LaTeX Font Info:    Font shape `OMS/mdput/b/n' will be
(Font)              scaled to size 9.40002pt on input line 277.
LaTeX Font Info:    Font shape `OMS/mdput/b/n' will be
(Font)              scaled to size 6.58002pt on input line 277.
LaTeX Font Info:    Font shape `OMS/mdput/b/n' will be
(Font)              scaled to size 4.70001pt on input line 277.
LaTeX Font Info:    Font shape `OMX/mdput/b/n' will be
(Font)              scaled to size 9.40002pt on input line 277.
LaTeX Font Info:    Font shape `OMX/mdput/b/n' will be
(Font)              scaled to size 6.58002pt on input line 277.
LaTeX Font Info:    Font shape `OMX/mdput/b/n' will be
(Font)              scaled to size 4.70001pt on input line 277.
LaTeX Font Info:    Font shape `OML/mdput/b/n' will be
(Font)              scaled to size 9.40002pt on input line 277.
LaTeX Font Info:    Font shape `OML/mdput/b/n' will be
(Font)              scaled to size 6.58002pt on input line 277.
LaTeX Font Info:    Font shape `OML/mdput/b/n' will be
(Font)              scaled to size 4.70001pt on input line 277.
LaTeX Font Info:    Font shape `MDA/mdput/b/n' will be
(Font)              scaled to size 9.40002pt on input line 277.
LaTeX Font Info:    Font shape `MDA/mdput/b/n' will be
(Font)              scaled to size 6.58002pt on input line 277.
LaTeX Font Info:    Font shape `MDA/mdput/b/n' will be
(Font)              scaled to size 4.70001pt on input line 277.
LaTeX Font Info:    Font shape `MDB/mdput/b/n' will be
(Font)              scaled to size 9.40002pt on input line 277.
LaTeX Font Info:    Font shape `MDB/mdput/b/n' will be
(Font)              scaled to size 6.58002pt on input line 277.
LaTeX Font Info:    Font shape `MDB/mdput/b/n' will be
(Font)              scaled to size 4.70001pt on input line 277.

Overfull \hbox (8.42348pt too wide) in paragraph at lines 297--298
\T1/mdput/m/n/10 Metropolis-within-Gibbs sampler that de-cides one of the four 
pos-sible steps ( GROW, PRUNE, CHANGE,
 []

[8]
<images/image122.png, id=341, 1122.1925pt x 800.9925pt>
File: images/image122.png Graphic file (type png)
<use images/image122.png>
Package pdftex.def Info: images/image122.png  used on input line 325.
(pdftex.def)             Requested size: 313.69026pt x 223.89748pt.


LaTeX Warning: `!h' float specifier changed to `!ht'.

[9] [10 <./images/image122.png>]

LaTeX Warning: `!h' float specifier changed to `!ht'.

[11]
<images/CI.png, id=391, 606.265pt x 606.265pt>
File: images/CI.png Graphic file (type png)
<use images/CI.png>
Package pdftex.def Info: images/CI.png  used on input line 421.
(pdftex.def)             Requested size: 268.88127pt x 268.88512pt.
 [12 <./images/CI.png>]
<images/PI.png, id=402, 606.265pt x 606.265pt>
File: images/PI.png Graphic file (type png)
<use images/PI.png>
Package pdftex.def Info: images/PI.png  used on input line 430.
(pdftex.def)             Requested size: 268.88127pt x 268.88512pt.
<images/RMSEtrees.png, id=404, 389.20406pt x 342.5297pt>
File: images/RMSEtrees.png Graphic file (type png)
<use images/RMSEtrees.png>
Package pdftex.def Info: images/RMSEtrees.png  used on input line 442.
(pdftex.def)             Requested size: 268.88127pt x 236.64365pt.


LaTeX Warning: `!h' float specifier changed to `!ht'.

[13 <./images/PI.png>]
<images/ErrorAss.png, id=414, 699.61375pt x 606.265pt>
File: images/ErrorAss.png Graphic file (type png)
<use images/ErrorAss.png>
Package pdftex.def Info: images/ErrorAss.png  used on input line 454.
(pdftex.def)             Requested size: 313.69026pt x 271.83614pt.
 [14 <./images/RMSEtrees.png> <./images/ErrorAss.png>]
<images/MCMC_convergence.png, id=423, 722.7pt x 371.13657pt>
File: images/MCMC_convergence.png Graphic file (type png)
<use images/MCMC_convergence.png>
Package pdftex.def Info: images/MCMC_convergence.png  used on input line 466.
(pdftex.def)             Requested size: 448.1309pt x 230.13626pt.
LaTeX Font Info:    Font shape `T1/mdput/b/n' will be
(Font)              scaled to size 8.46002pt on input line 467.
LaTeX Font Info:    Font shape `T1/mdput/b/n' will be
(Font)              scaled to size 5.64001pt on input line 467.

[15 <./images/MCMC_convergence.png>]
<images/VarImp.png, id=431, 722.7pt x 371.13657pt>
File: images/VarImp.png Graphic file (type png)
<use images/VarImp.png>
Package pdftex.def Info: images/VarImp.png  used on input line 492.
(pdftex.def)             Requested size: 448.1309pt x 230.13626pt.
<images/PD_BMI.png, id=432, 408.02437pt x 356.0803pt>
File: images/PD_BMI.png Graphic file (type png)
<use images/PD_BMI.png>
Package pdftex.def Info: images/PD_BMI.png  used on input line 501.
(pdftex.def)             Requested size: 313.69026pt x 273.76974pt.


LaTeX Warning: `!h' float specifier changed to `!ht'.

<images/PD_map.png, id=433, 408.02437pt x 356.0803pt>
File: images/PD_map.png Graphic file (type png)
<use images/PD_map.png>
Package pdftex.def Info: images/PD_map.png  used on input line 508.
(pdftex.def)             Requested size: 313.69026pt x 273.76974pt.

LaTeX Warning: `!h' float specifier changed to `!ht'.

[16 <./images/VarImp.png>] [17 <./images/PD_BMI.png> <./images/PD_map.png>]
<images/image107.png, id=451, 705.38531pt x 479.54156pt>
File: images/image107.png Graphic file (type png)
<use images/image107.png>
Package pdftex.def Info: images/image107.png  used on input line 524.
(pdftex.def)             Requested size: 313.69026pt x 213.25264pt.
<images/image111.png, id=453, 621.07031pt x 365.86688pt>
File: images/image111.png Graphic file (type png)
<use images/image111.png>
Package pdftex.def Info: images/image111.png  used on input line 533.
(pdftex.def)             Requested size: 313.69026pt x 184.792pt.


LaTeX Warning: `!h' float specifier changed to `!ht'.


Overfull \hbox (14.62207pt too wide) in paragraph at lines 538--539
\T1/mdput/m/n/10 formed through auto-matic se-lec-tion of the com-plex-ity para
-met-ers as-so-ci-ated with the smal-lest cross-validation
 []

[18 <./images/image107.png (PNG copy)>]
<images/image124.png, id=463, 621.07031pt x 365.86688pt>
File: images/image124.png Graphic file (type png)
<use images/image124.png>
Package pdftex.def Info: images/image124.png  used on input line 542.
(pdftex.def)             Requested size: 313.69026pt x 184.792pt.
<images/image127.png, id=464, 621.07031pt x 365.86688pt>
File: images/image127.png Graphic file (type png)
<use images/image127.png>
Package pdftex.def Info: images/image127.png  used on input line 549.
(pdftex.def)             Requested size: 313.69026pt x 184.792pt.


LaTeX Warning: `!h' float specifier changed to `!ht'.

[19 <./images/image111.png> <./images/image124.png>]
Overfull \hbox (60.52179pt too wide) in paragraph at lines 558--564
 [][] 
 []

<images/image110.png, id=475, 505.89pt x 317.68687pt>
File: images/image110.png Graphic file (type png)
<use images/image110.png>
Package pdftex.def Info: images/image110.png  used on input line 569.
(pdftex.def)             Requested size: 313.69026pt x 196.99289pt.
<images/image112.png, id=477, 505.89pt x 317.68687pt>
File: images/image112.png Graphic file (type png)
<use images/image112.png>
Package pdftex.def Info: images/image112.png  used on input line 579.
(pdftex.def)             Requested size: 313.69026pt x 196.99289pt.

LaTeX Warning: `!h' float specifier changed to `!ht'.

[20 <./images/image127.png> <./images/image110.png>]
<images/image125.png, id=487, 505.89pt x 317.68687pt>
File: images/image125.png Graphic file (type png)
<use images/image125.png>
Package pdftex.def Info: images/image125.png  used on input line 589.
(pdftex.def)             Requested size: 313.69026pt x 196.99289pt.
<images/image118.png, id=489, 505.89pt x 317.68687pt>
File: images/image118.png Graphic file (type png)
<use images/image118.png>
Package pdftex.def Info: images/image118.png  used on input line 598.
(pdftex.def)             Requested size: 313.69026pt x 196.99289pt.


LaTeX Warning: `!h' float specifier changed to `!ht'.

[21 <./images/image112.png> <./images/image125.png>]
<images/image121.png, id=501, 505.89pt x 317.68687pt>
File: images/image121.png Graphic file (type png)
<use images/image121.png>
Package pdftex.def Info: images/image121.png  used on input line 607.
(pdftex.def)             Requested size: 313.69026pt x 196.99289pt.
<images/image115.png, id=503, 603.0028pt x 516.42938pt>
File: images/image115.png Graphic file (type png)
<use images/image115.png>
Package pdftex.def Info: images/image115.png  used on input line 628.
(pdftex.def)             Requested size: 313.69026pt x 268.64726pt.


LaTeX Warning: `!h' float specifier changed to `!ht'.

[22 <./images/image118.png> <./images/image121.png>] [23 <./images/image115.png
>]
Overfull \hbox (1.45044pt too wide) in paragraph at lines 668--669
[]\T1/mdput/m/n/10 Kapelner and Bleich (2016) [[]] in-tro-duce the bart-Ma-chin
e pack-age in R, which im-ple-ments the Bayesian
 []

[24] ("Bayesian Computing Report.bbl"
LaTeX Font Info:    Font shape `T1/mdput/m/it' will be
(Font)              scaled to size 8.46002pt on input line 6.
) [25

]
<images/image119.png, id=537, 621.07031pt x 365.86688pt>
File: images/image119.png Graphic file (type png)
<use images/image119.png>
Package pdftex.def Info: images/image119.png  used on input line 687.
(pdftex.def)             Requested size: 313.69026pt x 184.792pt.
<images/image126.png, id=538, 792.9625pt x 433.62pt>
File: images/image126.png Graphic file (type png)
<use images/image126.png>
Package pdftex.def Info: images/image126.png  used on input line 692.
(pdftex.def)             Requested size: 313.69026pt x 171.53937pt.
<images/image108.png, id=539, 621.07031pt x 365.86688pt>
File: images/image108.png Graphic file (type png)
<use images/image108.png>
Package pdftex.def Info: images/image108.png  used on input line 697.
(pdftex.def)             Requested size: 313.69026pt x 184.792pt.
<images/image117.png, id=540, 621.07031pt x 365.86688pt>
File: images/image117.png Graphic file (type png)
<use images/image117.png>
Package pdftex.def Info: images/image117.png  used on input line 703.
(pdftex.def)             Requested size: 313.69026pt x 184.792pt.


LaTeX Warning: `!h' float specifier changed to `!ht'.

[26

 <./images/image119.png> <./images/image126.png> <./images/image108.png>]
[27 <./images/image117.png>] ("Bayesian Computing Report.aux")

LaTeX Font Warning: Some font shapes were not available, defaults substituted.


LaTeX Warning: There were multiply-defined labels.

Package rerunfilecheck Info: File `"Bayesian Computing Report".out' has not cha
nged.
(rerunfilecheck)             Checksum: 362A99904C8917F5A2868F13610D661F;5873.
 ) 
Here is how much of TeX's memory you used:
 15811 strings out of 479618
 238251 string characters out of 2864076
 538784 words of memory out of 3000000
 32489 multiletter control sequences out of 15000+200000
 603021 words of font info for 165 fonts, out of 3000000 for 9000
 1141 hyphenation exceptions out of 8191
 86i,11n,131p,2143b,517s stack positions out of 5000i,500n,10000p,200000b,50000s
{C:/Users/erickfs/AppData/Local/Programs/MiKTeX/fonts/enc/dvips/ly1/texnansi.
enc} <C:\Users\erickfs\AppData\Local\MiKTeX\fonts/pk/ljfour/jknappen/ec/dpi600\
ecrm1000.pk> <C:\Users\erickfs\AppData\Local\MiKTeX\fonts/pk/ljfour/jknappen/ec
/dpi600\ecrm1200.pk> <C:\Users\erickfs\AppData\Local\MiKTeX\fonts/pk/ljfour/jkn
appen/ec/dpi600\ecrm0900.pk><C:/Users/erickfs/AppData/Local/Programs/MiKTeX/fon
ts/type1/mathdesign/mdput/md-utbi7m.pfb><C:/Users/erickfs/AppData/Local/Program
s/MiKTeX/fonts/type1/mathdesign/mdput/md-utr7t.pfb><C:/Users/erickfs/AppData/Lo
cal/Programs/MiKTeX/fonts/type1/mathdesign/mdput/md-utr7v.pfb><C:/Users/erickfs
/AppData/Local/Programs/MiKTeX/fonts/type1/mathdesign/mdput/md-utr7y.pfb><C:/Us
ers/erickfs/AppData/Local/Programs/MiKTeX/fonts/type1/mathdesign/mdput/md-utr8t
.pfb><C:/Users/erickfs/AppData/Local/Programs/MiKTeX/fonts/type1/mathdesign/mdp
ut/md-utri7m.pfb><C:/Users/erickfs/AppData/Local/Programs/MiKTeX/fonts/type1/ma
thdesign/mdput/md-utri8t.pfb><C:/Users/erickfs/AppData/Local/Programs/MiKTeX/fo
nts/type1/adobe/utopia/putb8a.pfb><C:/Users/erickfs/AppData/Local/Programs/MiKT
eX/fonts/type1/adobe/utopia/putbi8a.pfb><C:/Users/erickfs/AppData/Local/Program
s/MiKTeX/fonts/type1/adobe/utopia/putr8a.pfb><C:/Users/erickfs/AppData/Local/Pr
ograms/MiKTeX/fonts/type1/adobe/utopia/putri8a.pfb>
Output written on "Bayesian Computing Report.pdf" (27 pages, 925898 bytes).
PDF statistics:
 753 PDF objects out of 1000 (max. 8388607)
 162 named destinations out of 1000 (max. 500000)
 395 words of extra memory for PDF output out of 10000 (max. 10000000)

